<?xml version="1.0" encoding="UTF-8"?>
<!-- Generated by org.testng.reporters.JUnitReportReporter -->
<testsuite name="com.mycompany.test.maven_demo.DataProviderDemo" tests="4" time="0.030" ignored="0" failures="0" timestamp="16 Oct 2019 14:07:33 GMT" skipped="0" hostname="admin-PC" errors="0">
  <testcase name="login" time="0.022" classname="com.mycompany.test.maven_demo.DataProviderDemo"/>
  <testcase name="login" time="0.001" classname="com.mycompany.test.maven_demo.DataProviderDemo"/>
  <testcase name="login" time="0.002" classname="com.mycompany.test.maven_demo.DataProviderDemo"/>
  <testcase name="login" time="0.005" classname="com.mycompany.test.maven_demo.DataProviderDemo"/>
</testsuite> <!-- com.mycompany.test.maven_demo.DataProviderDemo -->
