<?xml version="1.0" encoding="UTF-8"?>
<!-- Generated by org.testng.reporters.JUnitReportReporter -->
<testsuite name="com.mycompany.test.maven_demo.TestProgram1" tests="1" time="0.028" ignored="0" failures="0" timestamp="16 Oct 2019 13:12:32 GMT" skipped="0" hostname="admin-PC" errors="0">
  <testcase name="Login" time="0.028" classname="com.mycompany.test.maven_demo.TestProgram1"/>
</testsuite> <!-- com.mycompany.test.maven_demo.TestProgram1 -->
