<?xml version="1.0" encoding="UTF-8"?>
<!-- Generated by org.testng.reporters.JUnitReportReporter -->
<testsuite name="com.mycompany.test.maven_demo.BasicFirst" tests="1" time="96.319" ignored="0" failures="0" timestamp="03 Oct 2019 13:07:11 GMT" skipped="0" hostname="admin-PC" errors="0">
  <testcase name="Login" time="96.319" classname="com.mycompany.test.maven_demo.BasicFirst"/>
</testsuite> <!-- com.mycompany.test.maven_demo.BasicFirst -->
